<?xml version="1.0" encoding="UTF-8"?>
<!-- Generated by org.testng.reporters.JUnitXMLReporter -->
<testsuite ignored="0" hostname="MazharHP" failures="0" tests="2" name="Error Validation Test" time="73.02" errors="0" timestamp="2024-10-31T19:29:38 GMT">
  <testcase classname="org.sdet.myProject.ErrorValidationTest" name="loginErrorValidation" time="11.339"/>
  <testcase classname="org.sdet.myProject.ErrorValidationTest" name="productErrorValidation" time="20.185"/>
</testsuite> <!-- Error Validation Test -->
