<?xml version="1.0" encoding="UTF-8"?>
<!-- Generated by org.testng.reporters.JUnitXMLReporter -->
<testsuite ignored="1" hostname="MazharHP" failures="0" tests="1" name="Error Validation Test(failed)" time="14.905" errors="0" timestamp="2024-11-02T13:59:30 GMT">
  <testcase classname="org.sdet.myProject.ErrorValidationTest" name="loginErrorValidation" time="1.04"/>
  <testcase classname="org.sdet.myProject.ErrorValidationTest" name="productErrorValidation" time="0.0">
    <ignored/>
  </testcase> <!-- productErrorValidation -->
</testsuite> <!-- Error Validation Test(failed) -->
